<?xml version="1.0" encoding="utf-8"?><testsuites name="pytest tests"><testsuite name="pytest" errors="0" failures="0" skipped="0" tests="75" time="224.062" timestamp="2026-08-13T18:28:18.985343+08:00" hostname="DESKTOP-S8SC9OA"><testcase classname="api.test_00_env_check" name="test_healthz" time="0.174" /><testcase classname="api.test_00_env_check" name="test_openapi_has_core_routes" time="0.154" /><testcase classname="api.test_00_env_check" name="test_web_register_page" time="0.074" /><testcase classname="api.test_00_env_check" name="test_mailhog_api_reachable" time="0.052" /><testcase classname="api.test_01_db_prep" name="test_clear_rate_limits" time="0.082" /><testcase classname="api.test_01_db_prep" name="test_purge_mailhog" time="0.134" /><testcase classname="api.test_01_db_prep" name="test_prep_trader_and_state" time="0.082" /><testcase classname="api.test_02_auth_flow" name="test_register_duplicate_conflict" time="0.503" /><testcase classname="api.test_02_auth_flow" name="test_verify_wrong_code" time="0.014" /><testcase classname="api.test_02_auth_flow" name="test_user_a_full_flow" time="65.823" /><testcase classname="api.test_02_auth_flow" name="test_user_b_full_flow" time="65.807" /><testcase classname="api.test_02_auth_flow" name="test_user_c_full_flow" time="65.779" /><testcase classname="api.test_02_auth_flow" name="test_login_wrong_password" time="0.315" /><testcase classname="api.test_03_identity_flow" name="test_choose_exchange" time="0.113" /><testcase classname="api.test_03_identity_flow" name="test_choose_exchange_duplicate_conflict" time="0.053" /><testcase classname="api.test_03_identity_flow" name="test_get_invite_code" time="0.071" /><testcase classname="api.test_03_identity_flow" name="test_bind_invite_ok" time="0.136" /><testcase classname="api.test_03_identity_flow" name="test_bind_self_invite_conflict" time="0.043" /><testcase classname="api.test_03_identity_flow" name="test_bind_invalid_invite" time="0.064" /><testcase classname="api.test_03_identity_flow" name="test_g27_admin_create_code" time="0.398" /><testcase classname="api.test_03_identity_flow" name="test_g27_bind_ok" time="0.130" /><testcase classname="api.test_03_identity_flow" name="test_g27_bind_wrong_exchange" time="0.062" /><testcase classname="api.test_04_apikey_flow" name="test_db_prep_apikeys" time="0.149" /><testcase classname="api.test_04_apikey_flow" name="test_list_apikeys_no_secret" time="0.065" /><testcase classname="api.test_04_apikey_flow" name="test_bind_fake_key_rejected" time="2.120" /><testcase classname="api.test_04_apikey_flow" name="test_db_prep_apikeys_userb" time="0.049" /><testcase classname="api.test_05_strategy_flow" name="test_admin_force_list_strategy" time="0.103" /><testcase classname="api.test_05_strategy_flow" name="test_strategy_public_list" time="0.063" /><testcase classname="api.test_05_strategy_flow" name="test_strategy_public_detail" time="0.067" /><testcase classname="api.test_05_strategy_flow" name="test_admin_strategy_status_pause_resume" time="0.204" /><testcase classname="api.test_05_strategy_flow" name="test_admin_strategy_gray" time="0.100" /><testcase classname="api.test_06_subscription_payment" name="test_plans_list" time="0.026" /><testcase classname="api.test_06_subscription_payment" name="test_userA_create_order" time="0.095" /><testcase classname="api.test_06_subscription_payment" name="test_userB_create_trial_order" time="0.094" /><testcase classname="api.test_06_subscription_payment" name="test_submit_tx_failed_negative" time="0.057" /><testcase classname="api.test_06_subscription_payment" name="test_userB_submit_tx_negative" time="0.044" /><testcase classname="api.test_06_subscription_payment" name="test_db_set_order_manual" time="0.097" /><testcase classname="api.test_06_subscription_payment" name="test_admin_manual_confirm_orderA" time="0.293" /><testcase classname="api.test_06_subscription_payment" name="test_admin_manual_confirm_orderB" time="0.182" /><testcase classname="api.test_06_subscription_payment" name="test_subscription_active_after_payment" time="0.103" /><testcase classname="api.test_06_subscription_payment" name="test_trial_limit_conflict" time="0.065" /><testcase classname="api.test_06_subscription_payment" name="test_invite_reward_triggered" time="0.056" /><testcase classname="api.test_07_bot_flow" name="test_create_bot_without_subscription" time="0.053" /><testcase classname="api.test_07_bot_flow" name="test_create_bot_cross_exchange_mismatch" time="0.063" /><testcase classname="api.test_07_bot_flow" name="test_create_bot_apikey_exchange_mismatch" time="0.064" /><testcase classname="api.test_07_bot_flow" name="test_create_bot_ok" time="0.094" /><testcase classname="api.test_07_bot_flow" name="test_create_bot_duplicate_strategy" time="0.079" /><testcase classname="api.test_07_bot_flow" name="test_bot_status_pause_resume" time="0.191" /><testcase classname="api.test_07_bot_flow" name="test_bot_orders_positions_empty" time="0.182" /><testcase classname="api.test_07_bot_flow" name="test_bot_list" time="0.068" /><testcase classname="api.test_08_withdrawal_flow" name="test_prep_available_balance" time="0.160" /><testcase classname="api.test_08_withdrawal_flow" name="test_balance_50" time="0.092" /><testcase classname="api.test_08_withdrawal_flow" name="test_withdraw_below_min" time="0.031" /><testcase classname="api.test_08_withdrawal_flow" name="test_withdraw_invalid_address" time="0.030" /><testcase classname="api.test_08_withdrawal_flow" name="test_withdraw_over_balance" time="0.077" /><testcase classname="api.test_08_withdrawal_flow" name="test_withdraw_ok" time="0.192" /><testcase classname="api.test_08_withdrawal_flow" name="test_admin_approve_withdrawal" time="0.198" /><testcase classname="api.test_08_withdrawal_flow" name="test_admin_fill_tx" time="0.333" /><testcase classname="api.test_08_withdrawal_flow" name="test_withdrawal_list" time="0.088" /><testcase classname="api.test_09_admin_flow" name="test_admin_login_role" time="0.001" /><testcase classname="api.test_09_admin_flow" name="test_regular_user_forbidden_admin" time="0.030" /><testcase classname="api.test_09_admin_flow" name="test_admin_users_list" time="0.106" /><testcase classname="api.test_09_admin_flow" name="test_admin_freeze_unfreeze" time="0.621" /><testcase classname="api.test_09_admin_flow" name="test_admin_payments_list" time="0.044" /><testcase classname="api.test_09_admin_flow" name="test_admin_exchange_invites_list" time="0.044" /><testcase classname="api.test_09_admin_flow" name="test_admin_audit_has_key_actions" time="0.046" /><testcase classname="api.test_09_admin_flow" name="test_admin_signal_session_status" time="0.013" /><testcase classname="api.test_10_signal_flow" name="test_redis_feed_baseline_exists_or_empty" time="0.059" /><testcase classname="api.test_10_signal_flow" name="test_redis_feed_baseline_fresh_if_exists" time="0.020" /><testcase classname="api.test_10_signal_flow" name="test_source_signals_table_queryable" time="0.137" /><testcase classname="api.test_10_signal_flow" name="test_worker_recent_task_success" time="0.101" /><testcase classname="api.test_10_signal_flow" name="test_admin_signals_list" time="0.081" /><testcase classname="api.test_10_signal_flow" name="test_signal_session_status" time="0.025" /><testcase classname="api.test_10_signal_flow" name="test_signal_session_search_by_nickname" time="15.725" /><testcase classname="api.test_10_signal_flow" name="test_signal_session_search_by_id" time="0.511" /></testsuite></testsuites>